
*** Running vivado
    with args -log adder4b.vds -m64 -product Vivado -mode batch -messageDb vivado.pb -notrace -source adder4b.tcl


****** Vivado v2019.1 (64-bit)
  **** SW Build 2552052 on Fri May 24 14:49:42 MDT 2019
  **** IP Build 2548770 on Fri May 24 18:01:18 MDT 2019
    ** Copyright 1986-2019 Xilinx, Inc. All Rights Reserved.

source adder4b.tcl -notrace
Command: synth_design -top adder4b -part xc7a35tcpg236-1
Starting synth_design
Attempting to get a license for feature 'Synthesis' and/or device 'xc7a35t'
INFO: [Common 17-349] Got license for feature 'Synthesis' and/or device 'xc7a35t'
INFO: [Device 21-403] Loading part xc7a35tcpg236-1
INFO: Launching helper process for spawning children vivado processes
INFO: Helper process launched with PID 8588 
---------------------------------------------------------------------------------
Starting RTL Elaboration : Time (s): cpu = 00:00:02 ; elapsed = 00:00:03 . Memory (MB): peak = 813.172 ; gain = 177.105
---------------------------------------------------------------------------------
INFO: [Synth 8-638] synthesizing module 'adder4b' [C:/hlocal/P1a1/P1a1.srcs/sources_1/imports/P1/adder.vhd:11]
INFO: [Synth 8-256] done synthesizing module 'adder4b' (1#1) [C:/hlocal/P1a1/P1a1.srcs/sources_1/imports/P1/adder.vhd:11]
---------------------------------------------------------------------------------
Finished RTL Elaboration : Time (s): cpu = 00:00:03 ; elapsed = 00:00:04 . Memory (MB): peak = 875.879 ; gain = 239.813
---------------------------------------------------------------------------------

Report Check Netlist: 
+------+------------------+-------+---------+-------+------------------+
|      |Item              |Errors |Warnings |Status |Description       |
+------+------------------+-------+---------+-------+------------------+
|1     |multi_driven_nets |      0|        0|Passed |Multi driven nets |
+------+------------------+-------+---------+-------+------------------+
---------------------------------------------------------------------------------
Start Handling Custom Attributes
---------------------------------------------------------------------------------
---------------------------------------------------------------------------------
Finished Handling Custom Attributes : Time (s): cpu = 00:00:03 ; elapsed = 00:00:04 . Memory (MB): peak = 875.879 ; gain = 239.813
---------------------------------------------------------------------------------
---------------------------------------------------------------------------------
Finished RTL Optimization Phase 1 : Time (s): cpu = 00:00:03 ; elapsed = 00:00:04 . Memory (MB): peak = 875.879 ; gain = 239.813
---------------------------------------------------------------------------------
INFO: [Project 1-570] Preparing netlist for logic optimization

Processing XDC Constraints
Initializing timing engine
Parsing XDC File [C:/hlocal/P1a1/P1a1.srcs/constrs_1/imports/P1/mypines.xdc]
WARNING: [Vivado 12-584] No ports matched 'A[0]'. [C:/hlocal/P1a1/P1a1.srcs/constrs_1/imports/P1/mypines.xdc:12]
CRITICAL WARNING: [Common 17-55] 'set_property' expects at least one object. [C:/hlocal/P1a1/P1a1.srcs/constrs_1/imports/P1/mypines.xdc:12]
Resolution: If [get_<value>] was used to populate the object, check to make sure this command returns at least one valid object.
WARNING: [Vivado 12-584] No ports matched 'A[0]'. [C:/hlocal/P1a1/P1a1.srcs/constrs_1/imports/P1/mypines.xdc:13]
CRITICAL WARNING: [Common 17-55] 'set_property' expects at least one object. [C:/hlocal/P1a1/P1a1.srcs/constrs_1/imports/P1/mypines.xdc:13]
Resolution: If [get_<value>] was used to populate the object, check to make sure this command returns at least one valid object.
WARNING: [Vivado 12-584] No ports matched 'A[1]'. [C:/hlocal/P1a1/P1a1.srcs/constrs_1/imports/P1/mypines.xdc:14]
CRITICAL WARNING: [Common 17-55] 'set_property' expects at least one object. [C:/hlocal/P1a1/P1a1.srcs/constrs_1/imports/P1/mypines.xdc:14]
Resolution: If [get_<value>] was used to populate the object, check to make sure this command returns at least one valid object.
WARNING: [Vivado 12-584] No ports matched 'A[1]'. [C:/hlocal/P1a1/P1a1.srcs/constrs_1/imports/P1/mypines.xdc:15]
CRITICAL WARNING: [Common 17-55] 'set_property' expects at least one object. [C:/hlocal/P1a1/P1a1.srcs/constrs_1/imports/P1/mypines.xdc:15]
Resolution: If [get_<value>] was used to populate the object, check to make sure this command returns at least one valid object.
WARNING: [Vivado 12-584] No ports matched 'A[2]'. [C:/hlocal/P1a1/P1a1.srcs/constrs_1/imports/P1/mypines.xdc:16]
CRITICAL WARNING: [Common 17-55] 'set_property' expects at least one object. [C:/hlocal/P1a1/P1a1.srcs/constrs_1/imports/P1/mypines.xdc:16]
Resolution: If [get_<value>] was used to populate the object, check to make sure this command returns at least one valid object.
WARNING: [Vivado 12-584] No ports matched 'A[2]'. [C:/hlocal/P1a1/P1a1.srcs/constrs_1/imports/P1/mypines.xdc:17]
CRITICAL WARNING: [Common 17-55] 'set_property' expects at least one object. [C:/hlocal/P1a1/P1a1.srcs/constrs_1/imports/P1/mypines.xdc:17]
Resolution: If [get_<value>] was used to populate the object, check to make sure this command returns at least one valid object.
WARNING: [Vivado 12-584] No ports matched 'A[3]'. [C:/hlocal/P1a1/P1a1.srcs/constrs_1/imports/P1/mypines.xdc:18]
CRITICAL WARNING: [Common 17-55] 'set_property' expects at least one object. [C:/hlocal/P1a1/P1a1.srcs/constrs_1/imports/P1/mypines.xdc:18]
Resolution: If [get_<value>] was used to populate the object, check to make sure this command returns at least one valid object.
WARNING: [Vivado 12-584] No ports matched 'A[3]'. [C:/hlocal/P1a1/P1a1.srcs/constrs_1/imports/P1/mypines.xdc:19]
CRITICAL WARNING: [Common 17-55] 'set_property' expects at least one object. [C:/hlocal/P1a1/P1a1.srcs/constrs_1/imports/P1/mypines.xdc:19]
Resolution: If [get_<value>] was used to populate the object, check to make sure this command returns at least one valid object.
WARNING: [Vivado 12-584] No ports matched 'B[0]'. [C:/hlocal/P1a1/P1a1.srcs/constrs_1/imports/P1/mypines.xdc:20]
CRITICAL WARNING: [Common 17-55] 'set_property' expects at least one object. [C:/hlocal/P1a1/P1a1.srcs/constrs_1/imports/P1/mypines.xdc:20]
Resolution: If [get_<value>] was used to populate the object, check to make sure this command returns at least one valid object.
WARNING: [Vivado 12-584] No ports matched 'B[0]'. [C:/hlocal/P1a1/P1a1.srcs/constrs_1/imports/P1/mypines.xdc:21]
CRITICAL WARNING: [Common 17-55] 'set_property' expects at least one object. [C:/hlocal/P1a1/P1a1.srcs/constrs_1/imports/P1/mypines.xdc:21]
Resolution: If [get_<value>] was used to populate the object, check to make sure this command returns at least one valid object.
WARNING: [Vivado 12-584] No ports matched 'B[1]'. [C:/hlocal/P1a1/P1a1.srcs/constrs_1/imports/P1/mypines.xdc:22]
CRITICAL WARNING: [Common 17-55] 'set_property' expects at least one object. [C:/hlocal/P1a1/P1a1.srcs/constrs_1/imports/P1/mypines.xdc:22]
Resolution: If [get_<value>] was used to populate the object, check to make sure this command returns at least one valid object.
WARNING: [Vivado 12-584] No ports matched 'B[1]'. [C:/hlocal/P1a1/P1a1.srcs/constrs_1/imports/P1/mypines.xdc:23]
CRITICAL WARNING: [Common 17-55] 'set_property' expects at least one object. [C:/hlocal/P1a1/P1a1.srcs/constrs_1/imports/P1/mypines.xdc:23]
Resolution: If [get_<value>] was used to populate the object, check to make sure this command returns at least one valid object.
WARNING: [Vivado 12-584] No ports matched 'B[2]'. [C:/hlocal/P1a1/P1a1.srcs/constrs_1/imports/P1/mypines.xdc:24]
CRITICAL WARNING: [Common 17-55] 'set_property' expects at least one object. [C:/hlocal/P1a1/P1a1.srcs/constrs_1/imports/P1/mypines.xdc:24]
Resolution: If [get_<value>] was used to populate the object, check to make sure this command returns at least one valid object.
WARNING: [Vivado 12-584] No ports matched 'B[2]'. [C:/hlocal/P1a1/P1a1.srcs/constrs_1/imports/P1/mypines.xdc:25]
CRITICAL WARNING: [Common 17-55] 'set_property' expects at least one object. [C:/hlocal/P1a1/P1a1.srcs/constrs_1/imports/P1/mypines.xdc:25]
Resolution: If [get_<value>] was used to populate the object, check to make sure this command returns at least one valid object.
WARNING: [Vivado 12-584] No ports matched 'B[3]'. [C:/hlocal/P1a1/P1a1.srcs/constrs_1/imports/P1/mypines.xdc:26]
CRITICAL WARNING: [Common 17-55] 'set_property' expects at least one object. [C:/hlocal/P1a1/P1a1.srcs/constrs_1/imports/P1/mypines.xdc:26]
Resolution: If [get_<value>] was used to populate the object, check to make sure this command returns at least one valid object.
WARNING: [Vivado 12-584] No ports matched 'B[3]'. [C:/hlocal/P1a1/P1a1.srcs/constrs_1/imports/P1/mypines.xdc:27]
CRITICAL WARNING: [Common 17-55] 'set_property' expects at least one object. [C:/hlocal/P1a1/P1a1.srcs/constrs_1/imports/P1/mypines.xdc:27]
Resolution: If [get_<value>] was used to populate the object, check to make sure this command returns at least one valid object.
WARNING: [Vivado 12-584] No ports matched 'C[0]'. [C:/hlocal/P1a1/P1a1.srcs/constrs_1/imports/P1/mypines.xdc:47]
CRITICAL WARNING: [Common 17-55] 'set_property' expects at least one object. [C:/hlocal/P1a1/P1a1.srcs/constrs_1/imports/P1/mypines.xdc:47]
Resolution: If [get_<value>] was used to populate the object, check to make sure this command returns at least one valid object.
WARNING: [Vivado 12-584] No ports matched 'C[0]'. [C:/hlocal/P1a1/P1a1.srcs/constrs_1/imports/P1/mypines.xdc:48]
CRITICAL WARNING: [Common 17-55] 'set_property' expects at least one object. [C:/hlocal/P1a1/P1a1.srcs/constrs_1/imports/P1/mypines.xdc:48]
Resolution: If [get_<value>] was used to populate the object, check to make sure this command returns at least one valid object.
WARNING: [Vivado 12-584] No ports matched 'C[1]'. [C:/hlocal/P1a1/P1a1.srcs/constrs_1/imports/P1/mypines.xdc:49]
CRITICAL WARNING: [Common 17-55] 'set_property' expects at least one object. [C:/hlocal/P1a1/P1a1.srcs/constrs_1/imports/P1/mypines.xdc:49]
Resolution: If [get_<value>] was used to populate the object, check to make sure this command returns at least one valid object.
WARNING: [Vivado 12-584] No ports matched 'C[1]'. [C:/hlocal/P1a1/P1a1.srcs/constrs_1/imports/P1/mypines.xdc:50]
CRITICAL WARNING: [Common 17-55] 'set_property' expects at least one object. [C:/hlocal/P1a1/P1a1.srcs/constrs_1/imports/P1/mypines.xdc:50]
Resolution: If [get_<value>] was used to populate the object, check to make sure this command returns at least one valid object.
WARNING: [Vivado 12-584] No ports matched 'C[2]'. [C:/hlocal/P1a1/P1a1.srcs/constrs_1/imports/P1/mypines.xdc:51]
CRITICAL WARNING: [Common 17-55] 'set_property' expects at least one object. [C:/hlocal/P1a1/P1a1.srcs/constrs_1/imports/P1/mypines.xdc:51]
Resolution: If [get_<value>] was used to populate the object, check to make sure this command returns at least one valid object.
WARNING: [Vivado 12-584] No ports matched 'C[2]'. [C:/hlocal/P1a1/P1a1.srcs/constrs_1/imports/P1/mypines.xdc:52]
CRITICAL WARNING: [Common 17-55] 'set_property' expects at least one object. [C:/hlocal/P1a1/P1a1.srcs/constrs_1/imports/P1/mypines.xdc:52]
Resolution: If [get_<value>] was used to populate the object, check to make sure this command returns at least one valid object.
WARNING: [Vivado 12-584] No ports matched 'C[3]'. [C:/hlocal/P1a1/P1a1.srcs/constrs_1/imports/P1/mypines.xdc:53]
CRITICAL WARNING: [Common 17-55] 'set_property' expects at least one object. [C:/hlocal/P1a1/P1a1.srcs/constrs_1/imports/P1/mypines.xdc:53]
Resolution: If [get_<value>] was used to populate the object, check to make sure this command returns at least one valid object.
WARNING: [Vivado 12-584] No ports matched 'C[3]'. [C:/hlocal/P1a1/P1a1.srcs/constrs_1/imports/P1/mypines.xdc:54]
CRITICAL WARNING: [Common 17-55] 'set_property' expects at least one object. [C:/hlocal/P1a1/P1a1.srcs/constrs_1/imports/P1/mypines.xdc:54]
Resolution: If [get_<value>] was used to populate the object, check to make sure this command returns at least one valid object.
Finished Parsing XDC File [C:/hlocal/P1a1/P1a1.srcs/constrs_1/imports/P1/mypines.xdc]
Completed Processing XDC Constraints

Netlist sorting complete. Time (s): cpu = 00:00:00 ; elapsed = 00:00:00 . Memory (MB): peak = 906.098 ; gain = 0.000
INFO: [Project 1-111] Unisim Transformation Summary:
No Unisim elements were transformed.

Constraint Validation Runtime : Time (s): cpu = 00:00:00 ; elapsed = 00:00:00.004 . Memory (MB): peak = 906.098 ; gain = 0.000
---------------------------------------------------------------------------------
Finished Constraint Validation : Time (s): cpu = 00:00:07 ; elapsed = 00:00:08 . Memory (MB): peak = 906.098 ; gain = 270.031
---------------------------------------------------------------------------------
---------------------------------------------------------------------------------
Start Loading Part and Timing Information
---------------------------------------------------------------------------------
Loading part: xc7a35tcpg236-1
---------------------------------------------------------------------------------
Finished Loading Part and Timing Information : Time (s): cpu = 00:00:07 ; elapsed = 00:00:08 . Memory (MB): peak = 906.098 ; gain = 270.031
---------------------------------------------------------------------------------
---------------------------------------------------------------------------------
Start Applying 'set_property' XDC Constraints
---------------------------------------------------------------------------------
---------------------------------------------------------------------------------
Finished applying 'set_property' XDC Constraints : Time (s): cpu = 00:00:07 ; elapsed = 00:00:08 . Memory (MB): peak = 906.098 ; gain = 270.031
---------------------------------------------------------------------------------
---------------------------------------------------------------------------------
Finished RTL Optimization Phase 2 : Time (s): cpu = 00:00:07 ; elapsed = 00:00:08 . Memory (MB): peak = 906.098 ; gain = 270.031
---------------------------------------------------------------------------------

Report RTL Partitions: 
+-+--------------+------------+----------+
| |RTL Partition |Replication |Instances |
+-+--------------+------------+----------+
+-+--------------+------------+----------+
---------------------------------------------------------------------------------
Start RTL Component Statistics 
---------------------------------------------------------------------------------
Detailed RTL Component Info : 
+---Adders : 
	   2 Input      8 Bit       Adders := 1     
---------------------------------------------------------------------------------
Finished RTL Component Statistics 
---------------------------------------------------------------------------------
---------------------------------------------------------------------------------
Start RTL Hierarchical Component Statistics 
---------------------------------------------------------------------------------
Hierarchical RTL Component report 
Module adder4b 
Detailed RTL Component Info : 
+---Adders : 
	   2 Input      8 Bit       Adders := 1     
---------------------------------------------------------------------------------
Finished RTL Hierarchical Component Statistics
---------------------------------------------------------------------------------
---------------------------------------------------------------------------------
Start Part Resource Summary
---------------------------------------------------------------------------------
Part Resources:
DSPs: 90 (col length:60)
BRAMs: 100 (col length: RAMB18 60 RAMB36 30)
---------------------------------------------------------------------------------
Finished Part Resource Summary
---------------------------------------------------------------------------------
---------------------------------------------------------------------------------
Start Cross Boundary and Area Optimization
---------------------------------------------------------------------------------
Warning: Parallel synthesis criteria is not met 
---------------------------------------------------------------------------------
Finished Cross Boundary and Area Optimization : Time (s): cpu = 00:00:08 ; elapsed = 00:00:09 . Memory (MB): peak = 906.098 ; gain = 270.031
---------------------------------------------------------------------------------

Report RTL Partitions: 
+-+--------------+------------+----------+
| |RTL Partition |Replication |Instances |
+-+--------------+------------+----------+
+-+--------------+------------+----------+
---------------------------------------------------------------------------------
Start Applying XDC Timing Constraints
---------------------------------------------------------------------------------
---------------------------------------------------------------------------------
Finished Applying XDC Timing Constraints : Time (s): cpu = 00:00:14 ; elapsed = 00:00:15 . Memory (MB): peak = 957.133 ; gain = 321.066
---------------------------------------------------------------------------------
---------------------------------------------------------------------------------
Start Timing Optimization
---------------------------------------------------------------------------------
---------------------------------------------------------------------------------
Finished Timing Optimization : Time (s): cpu = 00:00:14 ; elapsed = 00:00:15 . Memory (MB): peak = 957.133 ; gain = 321.066
---------------------------------------------------------------------------------

Report RTL Partitions: 
+-+--------------+------------+----------+
| |RTL Partition |Replication |Instances |
+-+--------------+------------+----------+
+-+--------------+------------+----------+
---------------------------------------------------------------------------------
Start Technology Mapping
---------------------------------------------------------------------------------
---------------------------------------------------------------------------------
Finished Technology Mapping : Time (s): cpu = 00:00:14 ; elapsed = 00:00:15 . Memory (MB): peak = 966.668 ; gain = 330.602
---------------------------------------------------------------------------------

Report RTL Partitions: 
+-+--------------+------------+----------+
| |RTL Partition |Replication |Instances |
+-+--------------+------------+----------+
+-+--------------+------------+----------+
---------------------------------------------------------------------------------
Start IO Insertion
---------------------------------------------------------------------------------
---------------------------------------------------------------------------------
Start Flattening Before IO Insertion
---------------------------------------------------------------------------------
---------------------------------------------------------------------------------
Finished Flattening Before IO Insertion
---------------------------------------------------------------------------------
---------------------------------------------------------------------------------
Start Final Netlist Cleanup
---------------------------------------------------------------------------------
---------------------------------------------------------------------------------
Finished Final Netlist Cleanup
---------------------------------------------------------------------------------
---------------------------------------------------------------------------------
Finished IO Insertion : Time (s): cpu = 00:00:16 ; elapsed = 00:00:17 . Memory (MB): peak = 982.473 ; gain = 346.406
---------------------------------------------------------------------------------

Report Check Netlist: 
+------+------------------+-------+---------+-------+------------------+
|      |Item              |Errors |Warnings |Status |Description       |
+------+------------------+-------+---------+-------+------------------+
|1     |multi_driven_nets |      0|        0|Passed |Multi driven nets |
+------+------------------+-------+---------+-------+------------------+
---------------------------------------------------------------------------------
Start Renaming Generated Instances
---------------------------------------------------------------------------------
---------------------------------------------------------------------------------
Finished Renaming Generated Instances : Time (s): cpu = 00:00:16 ; elapsed = 00:00:17 . Memory (MB): peak = 982.473 ; gain = 346.406
---------------------------------------------------------------------------------

Report RTL Partitions: 
+-+--------------+------------+----------+
| |RTL Partition |Replication |Instances |
+-+--------------+------------+----------+
+-+--------------+------------+----------+
---------------------------------------------------------------------------------
Start Rebuilding User Hierarchy
---------------------------------------------------------------------------------
---------------------------------------------------------------------------------
Finished Rebuilding User Hierarchy : Time (s): cpu = 00:00:16 ; elapsed = 00:00:17 . Memory (MB): peak = 982.473 ; gain = 346.406
---------------------------------------------------------------------------------
---------------------------------------------------------------------------------
Start Renaming Generated Ports
---------------------------------------------------------------------------------
---------------------------------------------------------------------------------
Finished Renaming Generated Ports : Time (s): cpu = 00:00:16 ; elapsed = 00:00:17 . Memory (MB): peak = 982.473 ; gain = 346.406
---------------------------------------------------------------------------------
---------------------------------------------------------------------------------
Start Handling Custom Attributes
---------------------------------------------------------------------------------
---------------------------------------------------------------------------------
Finished Handling Custom Attributes : Time (s): cpu = 00:00:16 ; elapsed = 00:00:17 . Memory (MB): peak = 982.473 ; gain = 346.406
---------------------------------------------------------------------------------
---------------------------------------------------------------------------------
Start Renaming Generated Nets
---------------------------------------------------------------------------------
---------------------------------------------------------------------------------
Finished Renaming Generated Nets : Time (s): cpu = 00:00:16 ; elapsed = 00:00:17 . Memory (MB): peak = 982.473 ; gain = 346.406
---------------------------------------------------------------------------------
---------------------------------------------------------------------------------
Start Writing Synthesis Report
---------------------------------------------------------------------------------

Report BlackBoxes: 
+-+--------------+----------+
| |BlackBox name |Instances |
+-+--------------+----------+
+-+--------------+----------+

Report Cell Usage: 
+------+-------+------+
|      |Cell   |Count |
+------+-------+------+
|1     |CARRY4 |     2|
|2     |LUT2   |     8|
|3     |IBUF   |    16|
|4     |OBUF   |     8|
+------+-------+------+

Report Instance Areas: 
+------+---------+-------+------+
|      |Instance |Module |Cells |
+------+---------+-------+------+
|1     |top      |       |    34|
+------+---------+-------+------+
---------------------------------------------------------------------------------
Finished Writing Synthesis Report : Time (s): cpu = 00:00:16 ; elapsed = 00:00:17 . Memory (MB): peak = 982.473 ; gain = 346.406
---------------------------------------------------------------------------------
Synthesis finished with 0 errors, 0 critical warnings and 0 warnings.
Synthesis Optimization Runtime : Time (s): cpu = 00:00:12 ; elapsed = 00:00:15 . Memory (MB): peak = 982.473 ; gain = 316.188
Synthesis Optimization Complete : Time (s): cpu = 00:00:16 ; elapsed = 00:00:17 . Memory (MB): peak = 982.473 ; gain = 346.406
INFO: [Project 1-571] Translating synthesized netlist
INFO: [Netlist 29-17] Analyzing 2 Unisim elements for replacement
INFO: [Netlist 29-28] Unisim Transformation completed in 0 CPU seconds
INFO: [Project 1-570] Preparing netlist for logic optimization
INFO: [Opt 31-138] Pushed 0 inverter(s) to 0 load pin(s).
Netlist sorting complete. Time (s): cpu = 00:00:00 ; elapsed = 00:00:00 . Memory (MB): peak = 999.305 ; gain = 0.000
INFO: [Project 1-111] Unisim Transformation Summary:
No Unisim elements were transformed.

INFO: [Common 17-83] Releasing license: Synthesis
13 Infos, 24 Warnings, 24 Critical Warnings and 0 Errors encountered.
synth_design completed successfully
synth_design: Time (s): cpu = 00:00:20 ; elapsed = 00:00:22 . Memory (MB): peak = 999.305 ; gain = 622.320
Netlist sorting complete. Time (s): cpu = 00:00:00 ; elapsed = 00:00:00 . Memory (MB): peak = 999.305 ; gain = 0.000
WARNING: [Constraints 18-5210] No constraints selected for write.
Resolution: This message can indicate that there are no constraints for the design, or it can indicate that the used_in flags are set such that the constraints are ignored. This later case is used when running synth_design to not write synthesis constraints to the resulting checkpoint. Instead, project constraints are read when the synthesized design is opened.
INFO: [Common 17-1381] The checkpoint 'C:/hlocal/P1a1/P1a1.runs/synth_1/adder4b.dcp' has been generated.
INFO: [runtcl-4] Executing : report_utilization -file adder4b_utilization_synth.rpt -pb adder4b_utilization_synth.pb
INFO: [Common 17-206] Exiting Vivado at Wed Sep 25 11:47:30 2019...
