Copyright 1986-2019 Xilinx, Inc. All Rights Reserved.
--------------------------------------------------------------------------------------------------------------------------------------------------------------------
| Tool Version : Vivado v.2019.1 (win64) Build 2552052 Fri May 24 14:49:42 MDT 2019
| Date         : Mon Oct 28 21:24:09 2019
| Host         : DESKTOP-B56IQ06 running 64-bit major release  (build 9200)
| Command      : report_methodology -file Multiplier_methodology_drc_routed.rpt -pb Multiplier_methodology_drc_routed.pb -rpx Multiplier_methodology_drc_routed.rpx
| Design       : Multiplier
| Device       : xc7a35tcpg236-1
| Speed File   : -1
| Design State : Fully Routed
--------------------------------------------------------------------------------------------------------------------------------------------------------------------

Report Methodology

Table of Contents
-----------------
1. REPORT SUMMARY
2. REPORT DETAILS

1. REPORT SUMMARY
-----------------
            Netlist: netlist
          Floorplan: design_1
      Design limits: <entire design considered>
             Max violations: <unlimited>
             Violations found: 2
+---------+----------+------------------+------------+
| Rule    | Severity | Description      | Violations |
+---------+----------+------------------+------------+
| SYNTH-9 | Warning  | Small multiplier | 2          |
+---------+----------+------------------+------------+

2. REPORT DETAILS
-----------------
SYNTH-9#1 Warning
Small multiplier  
Detected multiplier at Z_OBUF[3]_inst_i_1 of size 4x4, it is implemented as LUTs due to its small size. To force the multiplier onto a DSP block, use the USE_DSP48 attribute.
Related violations: <none>

SYNTH-9#2 Warning
Small multiplier  
Detected multiplier at Z_OBUF[7]_inst_i_1 of size 4x4, it is implemented as LUTs due to its small size. To force the multiplier onto a DSP block, use the USE_DSP48 attribute.
Related violations: <none>


